Analysis & Synthesis report for DigitalClock_1
Tue Jun 15 17:18:36 2021
Quartus Prime Version 20.1.1 Build 720 11/11/2020 SJ Lite Edition


---------------------
; Table of Contents ;
---------------------
  1. Legal Notice
  2. Analysis & Synthesis Summary
  3. Analysis & Synthesis Settings
  4. Parallel Compilation
  5. Analysis & Synthesis Source Files Read
  6. Analysis & Synthesis Resource Usage Summary
  7. Analysis & Synthesis Resource Utilization by Entity
  8. Registers Removed During Synthesis
  9. Removed Registers Triggering Further Register Optimizations
 10. General Register Statistics
 11. Parameter Settings for User Entity Instance: SyncGen:sync_gen|ClkDividerN:p_Clk
 12. Parameter Settings for User Entity Instance: SyncGen:sync_gen|ClkDividerN:t_Clk
 13. Parameter Settings for User Entity Instance: SyncGen:sync_gen|ClkDividerN:d_Clk
 14. Parameter Settings for User Entity Instance: PCounter:uniSecCounter
 15. Parameter Settings for User Entity Instance: PCounter:dezSecCounter
 16. Parameter Settings for User Entity Instance: PCounter:uniMinCounter
 17. Parameter Settings for User Entity Instance: PCounter:dezMinCounter
 18. Parameter Settings for User Entity Instance: PCounter:uniHCounter
 19. Parameter Settings for User Entity Instance: PCounter:dezHCounter
 20. Parameter Settings for User Entity Instance: Mux4N:mux
 21. Parameter Settings for User Entity Instance: RegisterN:reg0
 22. Parameter Settings for User Entity Instance: RegisterN:reg1
 23. Parameter Settings for User Entity Instance: RegisterN:reg2
 24. Parameter Settings for User Entity Instance: RegisterN:reg3
 25. Port Connectivity Checks: "RegisterN:reg3"
 26. Port Connectivity Checks: "RegisterN:reg2"
 27. Port Connectivity Checks: "RegisterN:reg1"
 28. Port Connectivity Checks: "RegisterN:reg0"
 29. Port Connectivity Checks: "PCounter:dezHCounter"
 30. Port Connectivity Checks: "PCounter:dezSecCounter"
 31. Port Connectivity Checks: "PCounter:uniSecCounter"
 32. Port Connectivity Checks: "SyncGen:sync_gen"
 33. Post-Synthesis Netlist Statistics for Top Partition
 34. Elapsed Time Per Partition
 35. Analysis & Synthesis Messages



----------------
; Legal Notice ;
----------------
Copyright (C) 2020  Intel Corporation. All rights reserved.
Your use of Intel Corporation's design tools, logic functions 
and other software and tools, and any partner logic 
functions, and any output files from any of the foregoing 
(including device programming or simulation files), and any 
associated documentation or information are expressly subject 
to the terms and conditions of the Intel Program License 
Subscription Agreement, the Intel Quartus Prime License Agreement,
the Intel FPGA IP License Agreement, or other applicable license
agreement, including, without limitation, that your use is for
the sole purpose of programming logic devices manufactured by
Intel and sold by Intel or its authorized distributors.  Please
refer to the applicable agreement for further details, at
https://fpgasoftware.intel.com/eula.



+----------------------------------------------------------------------------------+
; Analysis & Synthesis Summary                                                     ;
+------------------------------------+---------------------------------------------+
; Analysis & Synthesis Status        ; Successful - Tue Jun 15 17:18:36 2021       ;
; Quartus Prime Version              ; 20.1.1 Build 720 11/11/2020 SJ Lite Edition ;
; Revision Name                      ; DigitalClock_1                              ;
; Top-level Entity Name              ; DigitalClock_1                              ;
; Family                             ; Cyclone IV E                                ;
; Total logic elements               ; 42                                          ;
;     Total combinational functions  ; 42                                          ;
;     Dedicated logic registers      ; 27                                          ;
; Total registers                    ; 27                                          ;
; Total pins                         ; 31                                          ;
; Total virtual pins                 ; 0                                           ;
; Total memory bits                  ; 0                                           ;
; Embedded Multiplier 9-bit elements ; 0                                           ;
; Total PLLs                         ; 0                                           ;
+------------------------------------+---------------------------------------------+


+------------------------------------------------------------------------------------------------------------+
; Analysis & Synthesis Settings                                                                              ;
+------------------------------------------------------------------+--------------------+--------------------+
; Option                                                           ; Setting            ; Default Value      ;
+------------------------------------------------------------------+--------------------+--------------------+
; Device                                                           ; EP4CE115F29C7      ;                    ;
; Top-level entity name                                            ; DigitalClock_1     ; DigitalClock_1     ;
; Family name                                                      ; Cyclone IV E       ; Cyclone V          ;
; Use smart compilation                                            ; Off                ; Off                ;
; Enable parallel Assembler and Timing Analyzer during compilation ; On                 ; On                 ;
; Enable compact report table                                      ; Off                ; Off                ;
; Restructure Multiplexers                                         ; Auto               ; Auto               ;
; Create Debugging Nodes for IP Cores                              ; Off                ; Off                ;
; Preserve fewer node names                                        ; On                 ; On                 ;
; Intel FPGA IP Evaluation Mode                                    ; Enable             ; Enable             ;
; Verilog Version                                                  ; Verilog_2001       ; Verilog_2001       ;
; VHDL Version                                                     ; VHDL_1993          ; VHDL_1993          ;
; State Machine Processing                                         ; Auto               ; Auto               ;
; Safe State Machine                                               ; Off                ; Off                ;
; Extract Verilog State Machines                                   ; On                 ; On                 ;
; Extract VHDL State Machines                                      ; On                 ; On                 ;
; Ignore Verilog initial constructs                                ; Off                ; Off                ;
; Iteration limit for constant Verilog loops                       ; 5000               ; 5000               ;
; Iteration limit for non-constant Verilog loops                   ; 250                ; 250                ;
; Add Pass-Through Logic to Inferred RAMs                          ; On                 ; On                 ;
; Infer RAMs from Raw Logic                                        ; On                 ; On                 ;
; Parallel Synthesis                                               ; On                 ; On                 ;
; DSP Block Balancing                                              ; Auto               ; Auto               ;
; NOT Gate Push-Back                                               ; On                 ; On                 ;
; Power-Up Don't Care                                              ; On                 ; On                 ;
; Remove Redundant Logic Cells                                     ; Off                ; Off                ;
; Remove Duplicate Registers                                       ; On                 ; On                 ;
; Ignore CARRY Buffers                                             ; Off                ; Off                ;
; Ignore CASCADE Buffers                                           ; Off                ; Off                ;
; Ignore GLOBAL Buffers                                            ; Off                ; Off                ;
; Ignore ROW GLOBAL Buffers                                        ; Off                ; Off                ;
; Ignore LCELL Buffers                                             ; Off                ; Off                ;
; Ignore SOFT Buffers                                              ; On                 ; On                 ;
; Limit AHDL Integers to 32 Bits                                   ; Off                ; Off                ;
; Optimization Technique                                           ; Balanced           ; Balanced           ;
; Carry Chain Length                                               ; 70                 ; 70                 ;
; Auto Carry Chains                                                ; On                 ; On                 ;
; Auto Open-Drain Pins                                             ; On                 ; On                 ;
; Perform WYSIWYG Primitive Resynthesis                            ; Off                ; Off                ;
; Auto ROM Replacement                                             ; On                 ; On                 ;
; Auto RAM Replacement                                             ; On                 ; On                 ;
; Auto DSP Block Replacement                                       ; On                 ; On                 ;
; Auto Shift Register Replacement                                  ; Auto               ; Auto               ;
; Allow Shift Register Merging across Hierarchies                  ; Auto               ; Auto               ;
; Auto Clock Enable Replacement                                    ; On                 ; On                 ;
; Strict RAM Replacement                                           ; Off                ; Off                ;
; Allow Synchronous Control Signals                                ; On                 ; On                 ;
; Force Use of Synchronous Clear Signals                           ; Off                ; Off                ;
; Auto RAM Block Balancing                                         ; On                 ; On                 ;
; Auto RAM to Logic Cell Conversion                                ; Off                ; Off                ;
; Auto Resource Sharing                                            ; Off                ; Off                ;
; Allow Any RAM Size For Recognition                               ; Off                ; Off                ;
; Allow Any ROM Size For Recognition                               ; Off                ; Off                ;
; Allow Any Shift Register Size For Recognition                    ; Off                ; Off                ;
; Use LogicLock Constraints during Resource Balancing              ; On                 ; On                 ;
; Ignore translate_off and synthesis_off directives                ; Off                ; Off                ;
; Timing-Driven Synthesis                                          ; On                 ; On                 ;
; Report Parameter Settings                                        ; On                 ; On                 ;
; Report Source Assignments                                        ; On                 ; On                 ;
; Report Connectivity Checks                                       ; On                 ; On                 ;
; Ignore Maximum Fan-Out Assignments                               ; Off                ; Off                ;
; Synchronization Register Chain Length                            ; 2                  ; 2                  ;
; Power Optimization During Synthesis                              ; Normal compilation ; Normal compilation ;
; HDL message level                                                ; Level2             ; Level2             ;
; Suppress Register Optimization Related Messages                  ; Off                ; Off                ;
; Number of Removed Registers Reported in Synthesis Report         ; 5000               ; 5000               ;
; Number of Swept Nodes Reported in Synthesis Report               ; 5000               ; 5000               ;
; Number of Inverted Registers Reported in Synthesis Report        ; 100                ; 100                ;
; Clock MUX Protection                                             ; On                 ; On                 ;
; Auto Gated Clock Conversion                                      ; Off                ; Off                ;
; Block Design Naming                                              ; Auto               ; Auto               ;
; SDC constraint protection                                        ; Off                ; Off                ;
; Synthesis Effort                                                 ; Auto               ; Auto               ;
; Shift Register Replacement - Allow Asynchronous Clear Signal     ; On                 ; On                 ;
; Pre-Mapping Resynthesis Optimization                             ; Off                ; Off                ;
; Analysis & Synthesis Message Level                               ; Medium             ; Medium             ;
; Disable Register Merging Across Hierarchies                      ; Auto               ; Auto               ;
; Resource Aware Inference For Block RAM                           ; On                 ; On                 ;
+------------------------------------------------------------------+--------------------+--------------------+


+------------------------------------------+
; Parallel Compilation                     ;
+----------------------------+-------------+
; Processors                 ; Number      ;
+----------------------------+-------------+
; Number detected on machine ; 8           ;
; Maximum allowed            ; 4           ;
;                            ;             ;
; Average used               ; 1.00        ;
; Maximum used               ; 4           ;
;                            ;             ;
; Usage by Processor         ; % Time Used ;
;     Processor 1            ; 100.0%      ;
;     Processors 2-4         ;   0.0%      ;
+----------------------------+-------------+


+--------------------------------------------------------------------------------------------------------------------------------------------+
; Analysis & Synthesis Source Files Read                                                                                                     ;
+----------------------------------+-----------------+-----------------+-----------------------------------------------------------+---------+
; File Name with User-Entered Path ; Used in Netlist ; File Type       ; File Name with Absolute Path                              ; Library ;
+----------------------------------+-----------------+-----------------+-----------------------------------------------------------+---------+
; RegisterN.vhd                    ; yes             ; User VHDL File  ; C:/Users/danie/Documents/Projeto/Fase1/RegisterN.vhd      ;         ;
; Bin7SegDecoder.vhd               ; yes             ; User VHDL File  ; C:/Users/danie/Documents/Projeto/Fase1/Bin7SegDecoder.vhd ;         ;
; PCounter.vhd                     ; yes             ; User VHDL File  ; C:/Users/danie/Documents/Projeto/Fase1/PCounter.vhd       ;         ;
; ClkDividerN.vhd                  ; yes             ; User VHDL File  ; C:/Users/danie/Documents/Projeto/Fase1/ClkDividerN.vhd    ;         ;
; SyncGen.vhd                      ; yes             ; User VHDL File  ; C:/Users/danie/Documents/Projeto/Fase1/SyncGen.vhd        ;         ;
; Mux4N.vhd                        ; yes             ; User VHDL File  ; C:/Users/danie/Documents/Projeto/Fase1/Mux4N.vhd          ;         ;
; DigitalClock_1.vhd               ; yes             ; User VHDL File  ; C:/Users/danie/Documents/Projeto/Fase1/DigitalClock_1.vhd ;         ;
+----------------------------------+-----------------+-----------------+-----------------------------------------------------------+---------+


+---------------------------------------------------------+
; Analysis & Synthesis Resource Usage Summary             ;
+---------------------------------------------+-----------+
; Resource                                    ; Usage     ;
+---------------------------------------------+-----------+
; Estimated Total logic elements              ; 42        ;
;                                             ;           ;
; Total combinational functions               ; 42        ;
; Logic element usage by number of LUT inputs ;           ;
;     -- 4 input functions                    ; 12        ;
;     -- 3 input functions                    ; 4         ;
;     -- <=2 input functions                  ; 26        ;
;                                             ;           ;
; Logic elements by mode                      ;           ;
;     -- normal mode                          ; 17        ;
;     -- arithmetic mode                      ; 25        ;
;                                             ;           ;
; Total registers                             ; 27        ;
;     -- Dedicated logic registers            ; 27        ;
;     -- I/O registers                        ; 0         ;
;                                             ;           ;
; I/O pins                                    ; 31        ;
;                                             ;           ;
; Embedded Multiplier 9-bit elements          ; 0         ;
;                                             ;           ;
; Maximum fan-out node                        ; clk~input ;
; Maximum fan-out                             ; 27        ;
; Total fan-out                               ; 223       ;
; Average fan-out                             ; 1.70      ;
+---------------------------------------------+-----------+


+--------------------------------------------------------------------------------------------------------------------------------------------------------------------------------------------------------------------------------------------+
; Analysis & Synthesis Resource Utilization by Entity                                                                                                                                                                                        ;
+----------------------------+---------------------+---------------------------+-------------+--------------+---------+-----------+------+--------------+----------------------------------------------------+----------------+--------------+
; Compilation Hierarchy Node ; Combinational ALUTs ; Dedicated Logic Registers ; Memory Bits ; DSP Elements ; DSP 9x9 ; DSP 18x18 ; Pins ; Virtual Pins ; Full Hierarchy Name                                ; Entity Name    ; Library Name ;
+----------------------------+---------------------+---------------------------+-------------+--------------+---------+-----------+------+--------------+----------------------------------------------------+----------------+--------------+
; |DigitalClock_1            ; 42 (0)              ; 27 (0)                    ; 0           ; 0            ; 0       ; 0         ; 31   ; 0            ; |DigitalClock_1                                    ; DigitalClock_1 ; work         ;
;    |SyncGen:sync_gen|      ; 42 (0)              ; 27 (0)                    ; 0           ; 0            ; 0       ; 0         ; 0    ; 0            ; |DigitalClock_1|SyncGen:sync_gen                   ; SyncGen        ; work         ;
;       |ClkDividerN:t_Clk|  ; 42 (42)             ; 27 (27)                   ; 0           ; 0            ; 0       ; 0         ; 0    ; 0            ; |DigitalClock_1|SyncGen:sync_gen|ClkDividerN:t_Clk ; ClkDividerN    ; work         ;
+----------------------------+---------------------+---------------------------+-------------+--------------+---------+-----------+------+--------------+----------------------------------------------------+----------------+--------------+
Note: For table entries with two numbers listed, the numbers in parentheses indicate the number of resources of the given type used by the specific entity alone. The numbers listed outside of parentheses indicate the total resources of the given type used by the specific entity and all of its sub-entities in the hierarchy.


+----------------------------------------------------------------------------------+
; Registers Removed During Synthesis                                               ;
+-----------------------------------------+----------------------------------------+
; Register name                           ; Reason for Removal                     ;
+-----------------------------------------+----------------------------------------+
; PCounter:dezHCounter|counter[0..31]     ; Lost fanout                            ;
; PCounter:uniHCounter|counter[0,1]       ; Lost fanout                            ;
; PCounter:uniHCounter|TC                 ; Lost fanout                            ;
; PCounter:uniHCounter|counter[2..31]     ; Lost fanout                            ;
; PCounter:dezMinCounter|counter[0,1]     ; Lost fanout                            ;
; PCounter:dezMinCounter|TC               ; Lost fanout                            ;
; PCounter:dezMinCounter|counter[2..31]   ; Lost fanout                            ;
; PCounter:uniMinCounter|counter[0,1]     ; Lost fanout                            ;
; PCounter:uniMinCounter|TC               ; Lost fanout                            ;
; PCounter:uniMinCounter|counter[2..31]   ; Lost fanout                            ;
; PCounter:dezSecCounter|counter[0,1]     ; Lost fanout                            ;
; PCounter:dezSecCounter|TC               ; Lost fanout                            ;
; PCounter:dezSecCounter|counter[2..31]   ; Lost fanout                            ;
; PCounter:uniSecCounter|counter[0,1]     ; Lost fanout                            ;
; PCounter:uniSecCounter|TC               ; Lost fanout                            ;
; PCounter:uniSecCounter|counter[2..31]   ; Lost fanout                            ;
; RegisterN:reg3|dataOut[0..5]            ; Stuck at GND due to stuck port data_in ;
; RegisterN:reg3|dataOut[6]               ; Stuck at VCC due to stuck port data_in ;
; RegisterN:reg2|dataOut[0..5]            ; Stuck at GND due to stuck port data_in ;
; RegisterN:reg2|dataOut[6]               ; Stuck at VCC due to stuck port data_in ;
; RegisterN:reg1|dataOut[0..5]            ; Stuck at GND due to stuck port data_in ;
; RegisterN:reg1|dataOut[6]               ; Stuck at VCC due to stuck port data_in ;
; RegisterN:reg0|dataOut[0..5]            ; Stuck at GND due to stuck port data_in ;
; RegisterN:reg0|dataOut[6]               ; Stuck at VCC due to stuck port data_in ;
; Total Number of Removed Registers = 225 ;                                        ;
+-----------------------------------------+----------------------------------------+


+-----------------------------------------------------------------------------------------------------------------------------------------+
; Removed Registers Triggering Further Register Optimizations                                                                             ;
+-----------------------------------+---------------------------+-------------------------------------------------------------------------+
; Register name                     ; Reason for Removal        ; Registers Removed due to This Register                                  ;
+-----------------------------------+---------------------------+-------------------------------------------------------------------------+
; PCounter:dezHCounter|counter[3]   ; Lost Fanouts              ; PCounter:dezHCounter|counter[27], PCounter:dezHCounter|counter[28],     ;
;                                   ;                           ; PCounter:dezHCounter|counter[29], PCounter:dezHCounter|counter[30],     ;
;                                   ;                           ; PCounter:dezHCounter|counter[31], PCounter:uniHCounter|TC,              ;
;                                   ;                           ; PCounter:uniHCounter|counter[24], PCounter:uniHCounter|counter[25],     ;
;                                   ;                           ; PCounter:uniHCounter|counter[26]                                        ;
; PCounter:uniHCounter|counter[1]   ; Lost Fanouts              ; PCounter:uniHCounter|counter[27], PCounter:uniHCounter|counter[28],     ;
;                                   ;                           ; PCounter:uniHCounter|counter[29], PCounter:uniHCounter|counter[30],     ;
;                                   ;                           ; PCounter:uniHCounter|counter[31], PCounter:dezMinCounter|TC,            ;
;                                   ;                           ; PCounter:dezMinCounter|counter[24], PCounter:dezMinCounter|counter[25], ;
;                                   ;                           ; PCounter:dezMinCounter|counter[26]                                      ;
; PCounter:dezMinCounter|counter[1] ; Lost Fanouts              ; PCounter:dezMinCounter|counter[27], PCounter:dezMinCounter|counter[28], ;
;                                   ;                           ; PCounter:dezMinCounter|counter[29], PCounter:dezMinCounter|counter[30], ;
;                                   ;                           ; PCounter:dezMinCounter|counter[31], PCounter:uniMinCounter|TC,          ;
;                                   ;                           ; PCounter:uniMinCounter|counter[24], PCounter:uniMinCounter|counter[25], ;
;                                   ;                           ; PCounter:uniMinCounter|counter[26]                                      ;
; PCounter:uniMinCounter|counter[1] ; Lost Fanouts              ; PCounter:uniMinCounter|counter[27], PCounter:uniMinCounter|counter[28], ;
;                                   ;                           ; PCounter:uniMinCounter|counter[29], PCounter:uniMinCounter|counter[30], ;
;                                   ;                           ; PCounter:uniMinCounter|counter[31], PCounter:dezSecCounter|TC,          ;
;                                   ;                           ; PCounter:dezSecCounter|counter[24], PCounter:dezSecCounter|counter[25], ;
;                                   ;                           ; PCounter:dezSecCounter|counter[26]                                      ;
; PCounter:dezSecCounter|counter[1] ; Lost Fanouts              ; PCounter:dezSecCounter|counter[27], PCounter:dezSecCounter|counter[28], ;
;                                   ;                           ; PCounter:dezSecCounter|counter[29], PCounter:dezSecCounter|counter[30], ;
;                                   ;                           ; PCounter:dezSecCounter|counter[31], PCounter:uniSecCounter|TC,          ;
;                                   ;                           ; PCounter:uniSecCounter|counter[24], PCounter:uniSecCounter|counter[25], ;
;                                   ;                           ; PCounter:uniSecCounter|counter[26]                                      ;
; PCounter:uniSecCounter|counter[1] ; Lost Fanouts              ; PCounter:uniSecCounter|counter[27], PCounter:uniSecCounter|counter[28], ;
;                                   ;                           ; PCounter:uniSecCounter|counter[29], PCounter:uniSecCounter|counter[30], ;
;                                   ;                           ; PCounter:uniSecCounter|counter[31]                                      ;
; RegisterN:reg3|dataOut[1]         ; Stuck at GND              ; RegisterN:reg0|dataOut[5]                                               ;
;                                   ; due to stuck port data_in ;                                                                         ;
; RegisterN:reg3|dataOut[3]         ; Stuck at GND              ; RegisterN:reg0|dataOut[6]                                               ;
;                                   ; due to stuck port data_in ;                                                                         ;
; RegisterN:reg2|dataOut[0]         ; Stuck at GND              ; RegisterN:reg0|dataOut[1]                                               ;
;                                   ; due to stuck port data_in ;                                                                         ;
; RegisterN:reg2|dataOut[2]         ; Stuck at GND              ; RegisterN:reg0|dataOut[2]                                               ;
;                                   ; due to stuck port data_in ;                                                                         ;
; RegisterN:reg2|dataOut[4]         ; Stuck at GND              ; RegisterN:reg0|dataOut[3]                                               ;
;                                   ; due to stuck port data_in ;                                                                         ;
; RegisterN:reg2|dataOut[6]         ; Stuck at VCC              ; RegisterN:reg0|dataOut[4]                                               ;
;                                   ; due to stuck port data_in ;                                                                         ;
; RegisterN:reg1|dataOut[5]         ; Stuck at GND              ; RegisterN:reg0|dataOut[0]                                               ;
;                                   ; due to stuck port data_in ;                                                                         ;
+-----------------------------------+---------------------------+-------------------------------------------------------------------------+


+------------------------------------------------------+
; General Register Statistics                          ;
+----------------------------------------------+-------+
; Statistic                                    ; Value ;
+----------------------------------------------+-------+
; Total registers                              ; 27    ;
; Number of registers using Synchronous Clear  ; 26    ;
; Number of registers using Synchronous Load   ; 0     ;
; Number of registers using Asynchronous Clear ; 0     ;
; Number of registers using Asynchronous Load  ; 0     ;
; Number of registers using Clock Enable       ; 0     ;
; Number of registers using Preset             ; 0     ;
+----------------------------------------------+-------+


+---------------------------------------------------------------------------------+
; Parameter Settings for User Entity Instance: SyncGen:sync_gen|ClkDividerN:p_Clk ;
+----------------+----------+-----------------------------------------------------+
; Parameter Name ; Value    ; Type                                                ;
+----------------+----------+-----------------------------------------------------+
; divfactor      ; 25000000 ; Signed Integer                                      ;
+----------------+----------+-----------------------------------------------------+
Note: In order to hide this table in the UI and the text report file, please set the "Show Parameter Settings in Synthesis Report" option in "Analysis and Synthesis Settings -> More Settings" to "Off".


+---------------------------------------------------------------------------------+
; Parameter Settings for User Entity Instance: SyncGen:sync_gen|ClkDividerN:t_Clk ;
+----------------+----------+-----------------------------------------------------+
; Parameter Name ; Value    ; Type                                                ;
+----------------+----------+-----------------------------------------------------+
; divfactor      ; 50000000 ; Signed Integer                                      ;
+----------------+----------+-----------------------------------------------------+
Note: In order to hide this table in the UI and the text report file, please set the "Show Parameter Settings in Synthesis Report" option in "Analysis and Synthesis Settings -> More Settings" to "Off".


+---------------------------------------------------------------------------------+
; Parameter Settings for User Entity Instance: SyncGen:sync_gen|ClkDividerN:d_Clk ;
+----------------+-------+--------------------------------------------------------+
; Parameter Name ; Value ; Type                                                   ;
+----------------+-------+--------------------------------------------------------+
; divfactor      ; 50000 ; Signed Integer                                         ;
+----------------+-------+--------------------------------------------------------+
Note: In order to hide this table in the UI and the text report file, please set the "Show Parameter Settings in Synthesis Report" option in "Analysis and Synthesis Settings -> More Settings" to "Off".


+---------------------------------------------------------------------+
; Parameter Settings for User Entity Instance: PCounter:uniSecCounter ;
+----------------+-------+--------------------------------------------+
; Parameter Name ; Value ; Type                                       ;
+----------------+-------+--------------------------------------------+
; count          ; 10    ; Signed Integer                             ;
+----------------+-------+--------------------------------------------+
Note: In order to hide this table in the UI and the text report file, please set the "Show Parameter Settings in Synthesis Report" option in "Analysis and Synthesis Settings -> More Settings" to "Off".


+---------------------------------------------------------------------+
; Parameter Settings for User Entity Instance: PCounter:dezSecCounter ;
+----------------+-------+--------------------------------------------+
; Parameter Name ; Value ; Type                                       ;
+----------------+-------+--------------------------------------------+
; count          ; 6     ; Signed Integer                             ;
+----------------+-------+--------------------------------------------+
Note: In order to hide this table in the UI and the text report file, please set the "Show Parameter Settings in Synthesis Report" option in "Analysis and Synthesis Settings -> More Settings" to "Off".


+---------------------------------------------------------------------+
; Parameter Settings for User Entity Instance: PCounter:uniMinCounter ;
+----------------+-------+--------------------------------------------+
; Parameter Name ; Value ; Type                                       ;
+----------------+-------+--------------------------------------------+
; count          ; 10    ; Signed Integer                             ;
+----------------+-------+--------------------------------------------+
Note: In order to hide this table in the UI and the text report file, please set the "Show Parameter Settings in Synthesis Report" option in "Analysis and Synthesis Settings -> More Settings" to "Off".


+---------------------------------------------------------------------+
; Parameter Settings for User Entity Instance: PCounter:dezMinCounter ;
+----------------+-------+--------------------------------------------+
; Parameter Name ; Value ; Type                                       ;
+----------------+-------+--------------------------------------------+
; count          ; 6     ; Signed Integer                             ;
+----------------+-------+--------------------------------------------+
Note: In order to hide this table in the UI and the text report file, please set the "Show Parameter Settings in Synthesis Report" option in "Analysis and Synthesis Settings -> More Settings" to "Off".


+-------------------------------------------------------------------+
; Parameter Settings for User Entity Instance: PCounter:uniHCounter ;
+----------------+-------+------------------------------------------+
; Parameter Name ; Value ; Type                                     ;
+----------------+-------+------------------------------------------+
; count          ; 10    ; Signed Integer                           ;
+----------------+-------+------------------------------------------+
Note: In order to hide this table in the UI and the text report file, please set the "Show Parameter Settings in Synthesis Report" option in "Analysis and Synthesis Settings -> More Settings" to "Off".


+-------------------------------------------------------------------+
; Parameter Settings for User Entity Instance: PCounter:dezHCounter ;
+----------------+-------+------------------------------------------+
; Parameter Name ; Value ; Type                                     ;
+----------------+-------+------------------------------------------+
; count          ; 24    ; Signed Integer                           ;
+----------------+-------+------------------------------------------+
Note: In order to hide this table in the UI and the text report file, please set the "Show Parameter Settings in Synthesis Report" option in "Analysis and Synthesis Settings -> More Settings" to "Off".


+--------------------------------------------------------+
; Parameter Settings for User Entity Instance: Mux4N:mux ;
+----------------+-------+-------------------------------+
; Parameter Name ; Value ; Type                          ;
+----------------+-------+-------------------------------+
; size           ; 4     ; Signed Integer                ;
+----------------+-------+-------------------------------+
Note: In order to hide this table in the UI and the text report file, please set the "Show Parameter Settings in Synthesis Report" option in "Analysis and Synthesis Settings -> More Settings" to "Off".


+-------------------------------------------------------------+
; Parameter Settings for User Entity Instance: RegisterN:reg0 ;
+----------------+-------+------------------------------------+
; Parameter Name ; Value ; Type                               ;
+----------------+-------+------------------------------------+
; n              ; 7     ; Signed Integer                     ;
+----------------+-------+------------------------------------+
Note: In order to hide this table in the UI and the text report file, please set the "Show Parameter Settings in Synthesis Report" option in "Analysis and Synthesis Settings -> More Settings" to "Off".


+-------------------------------------------------------------+
; Parameter Settings for User Entity Instance: RegisterN:reg1 ;
+----------------+-------+------------------------------------+
; Parameter Name ; Value ; Type                               ;
+----------------+-------+------------------------------------+
; n              ; 7     ; Signed Integer                     ;
+----------------+-------+------------------------------------+
Note: In order to hide this table in the UI and the text report file, please set the "Show Parameter Settings in Synthesis Report" option in "Analysis and Synthesis Settings -> More Settings" to "Off".


+-------------------------------------------------------------+
; Parameter Settings for User Entity Instance: RegisterN:reg2 ;
+----------------+-------+------------------------------------+
; Parameter Name ; Value ; Type                               ;
+----------------+-------+------------------------------------+
; n              ; 7     ; Signed Integer                     ;
+----------------+-------+------------------------------------+
Note: In order to hide this table in the UI and the text report file, please set the "Show Parameter Settings in Synthesis Report" option in "Analysis and Synthesis Settings -> More Settings" to "Off".


+-------------------------------------------------------------+
; Parameter Settings for User Entity Instance: RegisterN:reg3 ;
+----------------+-------+------------------------------------+
; Parameter Name ; Value ; Type                               ;
+----------------+-------+------------------------------------+
; n              ; 7     ; Signed Integer                     ;
+----------------+-------+------------------------------------+
Note: In order to hide this table in the UI and the text report file, please set the "Show Parameter Settings in Synthesis Report" option in "Analysis and Synthesis Settings -> More Settings" to "Off".


+--------------------------------------------+
; Port Connectivity Checks: "RegisterN:reg3" ;
+------+-------+----------+------------------+
; Port ; Type  ; Severity ; Details          ;
+------+-------+----------+------------------+
; wren ; Input ; Info     ; Stuck at GND     ;
+------+-------+----------+------------------+


+--------------------------------------------+
; Port Connectivity Checks: "RegisterN:reg2" ;
+------+-------+----------+------------------+
; Port ; Type  ; Severity ; Details          ;
+------+-------+----------+------------------+
; wren ; Input ; Info     ; Stuck at GND     ;
+------+-------+----------+------------------+


+--------------------------------------------+
; Port Connectivity Checks: "RegisterN:reg1" ;
+------+-------+----------+------------------+
; Port ; Type  ; Severity ; Details          ;
+------+-------+----------+------------------+
; wren ; Input ; Info     ; Stuck at GND     ;
+------+-------+----------+------------------+


+--------------------------------------------+
; Port Connectivity Checks: "RegisterN:reg0" ;
+------+-------+----------+------------------+
; Port ; Type  ; Severity ; Details          ;
+------+-------+----------+------------------+
; wren ; Input ; Info     ; Stuck at GND     ;
+------+-------+----------+------------------+


+----------------------------------------------------------------------------------------------------------------+
; Port Connectivity Checks: "PCounter:dezHCounter"                                                               ;
+------+--------+----------+-------------------------------------------------------------------------------------+
; Port ; Type   ; Severity ; Details                                                                             ;
+------+--------+----------+-------------------------------------------------------------------------------------+
; tc   ; Output ; Info     ; Connected to dangling logic. Logic that only feeds a dangling port will be removed. ;
+------+--------+----------+-------------------------------------------------------------------------------------+


+----------------------------------------------------------------------------------------------------------------+
; Port Connectivity Checks: "PCounter:dezSecCounter"                                                             ;
+------+--------+----------+-------------------------------------------------------------------------------------+
; Port ; Type   ; Severity ; Details                                                                             ;
+------+--------+----------+-------------------------------------------------------------------------------------+
; q    ; Output ; Info     ; Connected to dangling logic. Logic that only feeds a dangling port will be removed. ;
+------+--------+----------+-------------------------------------------------------------------------------------+


+----------------------------------------------------------------------------------------------------------------+
; Port Connectivity Checks: "PCounter:uniSecCounter"                                                             ;
+------+--------+----------+-------------------------------------------------------------------------------------+
; Port ; Type   ; Severity ; Details                                                                             ;
+------+--------+----------+-------------------------------------------------------------------------------------+
; q    ; Output ; Info     ; Connected to dangling logic. Logic that only feeds a dangling port will be removed. ;
+------+--------+----------+-------------------------------------------------------------------------------------+


+-------------------------------------------------------------------------------------------------------------------+
; Port Connectivity Checks: "SyncGen:sync_gen"                                                                      ;
+---------+--------+----------+-------------------------------------------------------------------------------------+
; Port    ; Type   ; Severity ; Details                                                                             ;
+---------+--------+----------+-------------------------------------------------------------------------------------+
; progclk ; Output ; Info     ; Connected to dangling logic. Logic that only feeds a dangling port will be removed. ;
; dispclk ; Output ; Info     ; Connected to dangling logic. Logic that only feeds a dangling port will be removed. ;
+---------+--------+----------+-------------------------------------------------------------------------------------+


+-----------------------------------------------------+
; Post-Synthesis Netlist Statistics for Top Partition ;
+-----------------------+-----------------------------+
; Type                  ; Count                       ;
+-----------------------+-----------------------------+
; boundary_port         ; 31                          ;
; cycloneiii_ff         ; 27                          ;
;     SCLR              ; 26                          ;
;     plain             ; 1                           ;
; cycloneiii_lcell_comb ; 44                          ;
;     arith             ; 25                          ;
;         2 data inputs ; 25                          ;
;     normal            ; 19                          ;
;         0 data inputs ; 2                           ;
;         1 data inputs ; 1                           ;
;         3 data inputs ; 4                           ;
;         4 data inputs ; 12                          ;
;                       ;                             ;
; Max LUT depth         ; 6.00                        ;
; Average LUT depth     ; 3.36                        ;
+-----------------------+-----------------------------+


+-------------------------------+
; Elapsed Time Per Partition    ;
+----------------+--------------+
; Partition Name ; Elapsed Time ;
+----------------+--------------+
; Top            ; 00:00:00     ;
+----------------+--------------+


+-------------------------------+
; Analysis & Synthesis Messages ;
+-------------------------------+
Info: *******************************************************************
Info: Running Quartus Prime Analysis & Synthesis
    Info: Version 20.1.1 Build 720 11/11/2020 SJ Lite Edition
    Info: Processing started: Tue Jun 15 17:18:26 2021
Info: Command: quartus_map --read_settings_files=on --write_settings_files=off DigitalClock_1 -c DigitalClock_1
Warning (18236): Number of processors has not been specified which may cause overloading on shared machines.  Set the global assignment NUM_PARALLEL_PROCESSORS in your QSF to an appropriate value for best performance.
Info (20030): Parallel compilation is enabled and will use 4 of the 4 processors detected
Info (12021): Found 2 design units, including 1 entities, in source file registern.vhd
    Info (12022): Found design unit 1: RegisterN-Behavioral File: C:/Users/danie/Documents/Projeto/Fase1/RegisterN.vhd Line: 14
    Info (12023): Found entity 1: RegisterN File: C:/Users/danie/Documents/Projeto/Fase1/RegisterN.vhd Line: 4
Info (12021): Found 2 design units, including 1 entities, in source file bin7segdecoder.vhd
    Info (12022): Found design unit 1: Bin7SegDecoder-Behavioral File: C:/Users/danie/Documents/Projeto/Fase1/Bin7SegDecoder.vhd Line: 12
    Info (12023): Found entity 1: Bin7SegDecoder File: C:/Users/danie/Documents/Projeto/Fase1/Bin7SegDecoder.vhd Line: 4
Info (12021): Found 2 design units, including 1 entities, in source file pcounter.vhd
    Info (12022): Found design unit 1: PCounter-Behavioral File: C:/Users/danie/Documents/Projeto/Fase1/PCounter.vhd Line: 16
    Info (12023): Found entity 1: PCounter File: C:/Users/danie/Documents/Projeto/Fase1/PCounter.vhd Line: 6
Info (12021): Found 2 design units, including 1 entities, in source file clkdividern.vhd
    Info (12022): Found design unit 1: ClkDividerN-Behavioral File: C:/Users/danie/Documents/Projeto/Fase1/ClkDividerN.vhd Line: 11
    Info (12023): Found entity 1: ClkDividerN File: C:/Users/danie/Documents/Projeto/Fase1/ClkDividerN.vhd Line: 5
Info (12021): Found 2 design units, including 1 entities, in source file syncgen.vhd
    Info (12022): Found design unit 1: SyncGen-Structural File: C:/Users/danie/Documents/Projeto/Fase1/SyncGen.vhd Line: 14
    Info (12023): Found entity 1: SyncGen File: C:/Users/danie/Documents/Projeto/Fase1/SyncGen.vhd Line: 5
Info (12021): Found 2 design units, including 1 entities, in source file mux4n.vhd
    Info (12022): Found design unit 1: Mux4N-Behavioral File: C:/Users/danie/Documents/Projeto/Fase1/Mux4N.vhd Line: 16
    Info (12023): Found entity 1: Mux4N File: C:/Users/danie/Documents/Projeto/Fase1/Mux4N.vhd Line: 4
Info (12021): Found 2 design units, including 1 entities, in source file digitalclock_1.vhd
    Info (12022): Found design unit 1: DigitalClock_1-Structural File: C:/Users/danie/Documents/Projeto/Fase1/DigitalClock_1.vhd Line: 17
    Info (12023): Found entity 1: DigitalClock_1 File: C:/Users/danie/Documents/Projeto/Fase1/DigitalClock_1.vhd Line: 5
Info (12127): Elaborating entity "DigitalClock_1" for the top level hierarchy
Warning (10036): Verilog HDL or VHDL warning at DigitalClock_1.vhd(19): object "s_progClk" assigned a value but never read File: C:/Users/danie/Documents/Projeto/Fase1/DigitalClock_1.vhd Line: 19
Warning (10036): Verilog HDL or VHDL warning at DigitalClock_1.vhd(21): object "s_dispClk" assigned a value but never read File: C:/Users/danie/Documents/Projeto/Fase1/DigitalClock_1.vhd Line: 21
Warning (10036): Verilog HDL or VHDL warning at DigitalClock_1.vhd(23): object "s_pcounter0" assigned a value but never read File: C:/Users/danie/Documents/Projeto/Fase1/DigitalClock_1.vhd Line: 23
Warning (10036): Verilog HDL or VHDL warning at DigitalClock_1.vhd(24): object "s_pcounter1" assigned a value but never read File: C:/Users/danie/Documents/Projeto/Fase1/DigitalClock_1.vhd Line: 24
Warning (10036): Verilog HDL or VHDL warning at DigitalClock_1.vhd(35): object "s_tC5" assigned a value but never read File: C:/Users/danie/Documents/Projeto/Fase1/DigitalClock_1.vhd Line: 35
Warning (10541): VHDL Signal Declaration warning at DigitalClock_1.vhd(42): used implicit default value for signal "s_dispSel" because signal was never assigned a value or an explicit default value. Use of implicit default value may introduce unintended design optimizations. File: C:/Users/danie/Documents/Projeto/Fase1/DigitalClock_1.vhd Line: 42
Info (12129): Elaborating entity "SyncGen" using architecture "A:structural" for hierarchy "SyncGen:sync_gen" File: C:/Users/danie/Documents/Projeto/Fase1/DigitalClock_1.vhd Line: 46
Info (12129): Elaborating entity "ClkDividerN" using architecture "A:behavioral" for hierarchy "SyncGen:sync_gen|ClkDividerN:p_Clk" File: C:/Users/danie/Documents/Projeto/Fase1/SyncGen.vhd Line: 17
Info (12129): Elaborating entity "ClkDividerN" using architecture "A:behavioral" for hierarchy "SyncGen:sync_gen|ClkDividerN:t_Clk" File: C:/Users/danie/Documents/Projeto/Fase1/SyncGen.vhd Line: 22
Info (12129): Elaborating entity "ClkDividerN" using architecture "A:behavioral" for hierarchy "SyncGen:sync_gen|ClkDividerN:d_Clk" File: C:/Users/danie/Documents/Projeto/Fase1/SyncGen.vhd Line: 27
Info (12129): Elaborating entity "PCounter" using architecture "A:behavioral" for hierarchy "PCounter:uniSecCounter" File: C:/Users/danie/Documents/Projeto/Fase1/DigitalClock_1.vhd Line: 55
Info (12129): Elaborating entity "PCounter" using architecture "A:behavioral" for hierarchy "PCounter:dezSecCounter" File: C:/Users/danie/Documents/Projeto/Fase1/DigitalClock_1.vhd Line: 62
Info (12129): Elaborating entity "PCounter" using architecture "A:behavioral" for hierarchy "PCounter:dezHCounter" File: C:/Users/danie/Documents/Projeto/Fase1/DigitalClock_1.vhd Line: 92
Info (12129): Elaborating entity "Mux4N" using architecture "A:behavioral" for hierarchy "Mux4N:mux" File: C:/Users/danie/Documents/Projeto/Fase1/DigitalClock_1.vhd Line: 101
Info (12129): Elaborating entity "Bin7SegDecoder" using architecture "A:behavioral" for hierarchy "Bin7SegDecoder:decoder" File: C:/Users/danie/Documents/Projeto/Fase1/DigitalClock_1.vhd Line: 111
Info (12129): Elaborating entity "RegisterN" using architecture "A:behavioral" for hierarchy "RegisterN:reg0" File: C:/Users/danie/Documents/Projeto/Fase1/DigitalClock_1.vhd Line: 116
Warning (13024): Output pins are stuck at VCC or GND
    Warning (13410): Pin "register0[0]" is stuck at GND File: C:/Users/danie/Documents/Projeto/Fase1/DigitalClock_1.vhd Line: 9
    Warning (13410): Pin "register0[1]" is stuck at GND File: C:/Users/danie/Documents/Projeto/Fase1/DigitalClock_1.vhd Line: 9
    Warning (13410): Pin "register0[2]" is stuck at GND File: C:/Users/danie/Documents/Projeto/Fase1/DigitalClock_1.vhd Line: 9
    Warning (13410): Pin "register0[3]" is stuck at GND File: C:/Users/danie/Documents/Projeto/Fase1/DigitalClock_1.vhd Line: 9
    Warning (13410): Pin "register0[4]" is stuck at GND File: C:/Users/danie/Documents/Projeto/Fase1/DigitalClock_1.vhd Line: 9
    Warning (13410): Pin "register0[5]" is stuck at GND File: C:/Users/danie/Documents/Projeto/Fase1/DigitalClock_1.vhd Line: 9
    Warning (13410): Pin "register0[6]" is stuck at VCC File: C:/Users/danie/Documents/Projeto/Fase1/DigitalClock_1.vhd Line: 9
    Warning (13410): Pin "register1[0]" is stuck at GND File: C:/Users/danie/Documents/Projeto/Fase1/DigitalClock_1.vhd Line: 10
    Warning (13410): Pin "register1[1]" is stuck at GND File: C:/Users/danie/Documents/Projeto/Fase1/DigitalClock_1.vhd Line: 10
    Warning (13410): Pin "register1[2]" is stuck at GND File: C:/Users/danie/Documents/Projeto/Fase1/DigitalClock_1.vhd Line: 10
    Warning (13410): Pin "register1[3]" is stuck at GND File: C:/Users/danie/Documents/Projeto/Fase1/DigitalClock_1.vhd Line: 10
    Warning (13410): Pin "register1[4]" is stuck at GND File: C:/Users/danie/Documents/Projeto/Fase1/DigitalClock_1.vhd Line: 10
    Warning (13410): Pin "register1[5]" is stuck at GND File: C:/Users/danie/Documents/Projeto/Fase1/DigitalClock_1.vhd Line: 10
    Warning (13410): Pin "register1[6]" is stuck at VCC File: C:/Users/danie/Documents/Projeto/Fase1/DigitalClock_1.vhd Line: 10
    Warning (13410): Pin "register2[0]" is stuck at GND File: C:/Users/danie/Documents/Projeto/Fase1/DigitalClock_1.vhd Line: 11
    Warning (13410): Pin "register2[1]" is stuck at GND File: C:/Users/danie/Documents/Projeto/Fase1/DigitalClock_1.vhd Line: 11
    Warning (13410): Pin "register2[2]" is stuck at GND File: C:/Users/danie/Documents/Projeto/Fase1/DigitalClock_1.vhd Line: 11
    Warning (13410): Pin "register2[3]" is stuck at GND File: C:/Users/danie/Documents/Projeto/Fase1/DigitalClock_1.vhd Line: 11
    Warning (13410): Pin "register2[4]" is stuck at GND File: C:/Users/danie/Documents/Projeto/Fase1/DigitalClock_1.vhd Line: 11
    Warning (13410): Pin "register2[5]" is stuck at GND File: C:/Users/danie/Documents/Projeto/Fase1/DigitalClock_1.vhd Line: 11
    Warning (13410): Pin "register2[6]" is stuck at VCC File: C:/Users/danie/Documents/Projeto/Fase1/DigitalClock_1.vhd Line: 11
    Warning (13410): Pin "register3[0]" is stuck at GND File: C:/Users/danie/Documents/Projeto/Fase1/DigitalClock_1.vhd Line: 12
    Warning (13410): Pin "register3[1]" is stuck at GND File: C:/Users/danie/Documents/Projeto/Fase1/DigitalClock_1.vhd Line: 12
    Warning (13410): Pin "register3[2]" is stuck at GND File: C:/Users/danie/Documents/Projeto/Fase1/DigitalClock_1.vhd Line: 12
    Warning (13410): Pin "register3[3]" is stuck at GND File: C:/Users/danie/Documents/Projeto/Fase1/DigitalClock_1.vhd Line: 12
    Warning (13410): Pin "register3[4]" is stuck at GND File: C:/Users/danie/Documents/Projeto/Fase1/DigitalClock_1.vhd Line: 12
    Warning (13410): Pin "register3[5]" is stuck at GND File: C:/Users/danie/Documents/Projeto/Fase1/DigitalClock_1.vhd Line: 12
    Warning (13410): Pin "register3[6]" is stuck at VCC File: C:/Users/danie/Documents/Projeto/Fase1/DigitalClock_1.vhd Line: 12
Info (286030): Timing-Driven Synthesis is running
Info (17049): 197 registers lost all their fanouts during netlist optimizations.
Info (16010): Generating hard_block partition "hard_block:auto_generated_inst"
    Info (16011): Adding 0 node(s), including 0 DDIO, 0 PLL, 0 transceiver and 0 LCELL
Warning (21074): Design contains 1 input pin(s) that do not drive logic
    Warning (15610): No output dependent on input pin "reset" File: C:/Users/danie/Documents/Projeto/Fase1/DigitalClock_1.vhd Line: 7
Info (21057): Implemented 73 device resources after synthesis - the final resource count might be different
    Info (21058): Implemented 2 input pins
    Info (21059): Implemented 29 output pins
    Info (21061): Implemented 42 logic cells
Info: Quartus Prime Analysis & Synthesis was successful. 0 errors, 38 warnings
    Info: Peak virtual memory: 4782 megabytes
    Info: Processing ended: Tue Jun 15 17:18:36 2021
    Info: Elapsed time: 00:00:10
    Info: Total CPU time (on all processors): 00:00:23


