Analysis & Synthesis report for DigitalC_NoAjustment
Sun Jun 13 17:38:07 2021
Quartus Prime Version 20.1.1 Build 720 11/11/2020 SJ Lite Edition


---------------------
; Table of Contents ;
---------------------
  1. Legal Notice
  2. Analysis & Synthesis Summary
  3. Analysis & Synthesis Settings
  4. Parallel Compilation
  5. Analysis & Synthesis Source Files Read
  6. Analysis & Synthesis Resource Usage Summary
  7. Analysis & Synthesis Resource Utilization by Entity
  8. State Machine - |DigitalC_NoAjustment|DispCntrl:dispC|fstate
  9. General Register Statistics
 10. Multiplexer Restructuring Statistics (Restructuring Performed)
 11. Parameter Settings for User Entity Instance: SyncGen:sync_gen|ClkDividerN:p_Clk
 12. Parameter Settings for User Entity Instance: SyncGen:sync_gen|ClkDividerN:t_Clk
 13. Parameter Settings for User Entity Instance: SyncGen:sync_gen|ClkDividerN:d_Clk
 14. Parameter Settings for User Entity Instance: Mux2N:mux
 15. Parameter Settings for User Entity Instance: RegisterN:reg0
 16. Parameter Settings for User Entity Instance: RegisterN:reg1
 17. Parameter Settings for User Entity Instance: RegisterN:reg2
 18. Parameter Settings for User Entity Instance: RegisterN:reg3
 19. Port Connectivity Checks: "PCounter:pCounter5"
 20. Port Connectivity Checks: "PCounter:pCounter1"
 21. Port Connectivity Checks: "PCounter:pCounter0"
 22. Port Connectivity Checks: "SyncGen:sync_gen"
 23. Post-Synthesis Netlist Statistics for Top Partition
 24. Elapsed Time Per Partition
 25. Analysis & Synthesis Messages



----------------
; Legal Notice ;
----------------
Copyright (C) 2020  Intel Corporation. All rights reserved.
Your use of Intel Corporation's design tools, logic functions 
and other software and tools, and any partner logic 
functions, and any output files from any of the foregoing 
(including device programming or simulation files), and any 
associated documentation or information are expressly subject 
to the terms and conditions of the Intel Program License 
Subscription Agreement, the Intel Quartus Prime License Agreement,
the Intel FPGA IP License Agreement, or other applicable license
agreement, including, without limitation, that your use is for
the sole purpose of programming logic devices manufactured by
Intel and sold by Intel or its authorized distributors.  Please
refer to the applicable agreement for further details, at
https://fpgasoftware.intel.com/eula.



+----------------------------------------------------------------------------------+
; Analysis & Synthesis Summary                                                     ;
+------------------------------------+---------------------------------------------+
; Analysis & Synthesis Status        ; Successful - Sun Jun 13 17:38:07 2021       ;
; Quartus Prime Version              ; 20.1.1 Build 720 11/11/2020 SJ Lite Edition ;
; Revision Name                      ; DigitalC_NoAjustment                        ;
; Top-level Entity Name              ; DigitalC_NoAjustment                        ;
; Family                             ; Cyclone IV E                                ;
; Total logic elements               ; 325                                         ;
;     Total combinational functions  ; 304                                         ;
;     Dedicated logic registers      ; 238                                         ;
; Total registers                    ; 238                                         ;
; Total pins                         ; 30                                          ;
; Total virtual pins                 ; 0                                           ;
; Total memory bits                  ; 0                                           ;
; Embedded Multiplier 9-bit elements ; 0                                           ;
; Total PLLs                         ; 0                                           ;
+------------------------------------+---------------------------------------------+


+----------------------------------------------------------------------------------------------------------------+
; Analysis & Synthesis Settings                                                                                  ;
+------------------------------------------------------------------+----------------------+----------------------+
; Option                                                           ; Setting              ; Default Value        ;
+------------------------------------------------------------------+----------------------+----------------------+
; Device                                                           ; EP4CE115F29C7        ;                      ;
; Top-level entity name                                            ; DigitalC_NoAjustment ; DigitalC_NoAjustment ;
; Family name                                                      ; Cyclone IV E         ; Cyclone V            ;
; Use smart compilation                                            ; Off                  ; Off                  ;
; Enable parallel Assembler and Timing Analyzer during compilation ; On                   ; On                   ;
; Enable compact report table                                      ; Off                  ; Off                  ;
; Restructure Multiplexers                                         ; Auto                 ; Auto                 ;
; Create Debugging Nodes for IP Cores                              ; Off                  ; Off                  ;
; Preserve fewer node names                                        ; On                   ; On                   ;
; Intel FPGA IP Evaluation Mode                                    ; Enable               ; Enable               ;
; Verilog Version                                                  ; Verilog_2001         ; Verilog_2001         ;
; VHDL Version                                                     ; VHDL_1993            ; VHDL_1993            ;
; State Machine Processing                                         ; Auto                 ; Auto                 ;
; Safe State Machine                                               ; Off                  ; Off                  ;
; Extract Verilog State Machines                                   ; On                   ; On                   ;
; Extract VHDL State Machines                                      ; On                   ; On                   ;
; Ignore Verilog initial constructs                                ; Off                  ; Off                  ;
; Iteration limit for constant Verilog loops                       ; 5000                 ; 5000                 ;
; Iteration limit for non-constant Verilog loops                   ; 250                  ; 250                  ;
; Add Pass-Through Logic to Inferred RAMs                          ; On                   ; On                   ;
; Infer RAMs from Raw Logic                                        ; On                   ; On                   ;
; Parallel Synthesis                                               ; On                   ; On                   ;
; DSP Block Balancing                                              ; Auto                 ; Auto                 ;
; NOT Gate Push-Back                                               ; On                   ; On                   ;
; Power-Up Don't Care                                              ; On                   ; On                   ;
; Remove Redundant Logic Cells                                     ; Off                  ; Off                  ;
; Remove Duplicate Registers                                       ; On                   ; On                   ;
; Ignore CARRY Buffers                                             ; Off                  ; Off                  ;
; Ignore CASCADE Buffers                                           ; Off                  ; Off                  ;
; Ignore GLOBAL Buffers                                            ; Off                  ; Off                  ;
; Ignore ROW GLOBAL Buffers                                        ; Off                  ; Off                  ;
; Ignore LCELL Buffers                                             ; Off                  ; Off                  ;
; Ignore SOFT Buffers                                              ; On                   ; On                   ;
; Limit AHDL Integers to 32 Bits                                   ; Off                  ; Off                  ;
; Optimization Technique                                           ; Balanced             ; Balanced             ;
; Carry Chain Length                                               ; 70                   ; 70                   ;
; Auto Carry Chains                                                ; On                   ; On                   ;
; Auto Open-Drain Pins                                             ; On                   ; On                   ;
; Perform WYSIWYG Primitive Resynthesis                            ; Off                  ; Off                  ;
; Auto ROM Replacement                                             ; On                   ; On                   ;
; Auto RAM Replacement                                             ; On                   ; On                   ;
; Auto DSP Block Replacement                                       ; On                   ; On                   ;
; Auto Shift Register Replacement                                  ; Auto                 ; Auto                 ;
; Allow Shift Register Merging across Hierarchies                  ; Auto                 ; Auto                 ;
; Auto Clock Enable Replacement                                    ; On                   ; On                   ;
; Strict RAM Replacement                                           ; Off                  ; Off                  ;
; Allow Synchronous Control Signals                                ; On                   ; On                   ;
; Force Use of Synchronous Clear Signals                           ; Off                  ; Off                  ;
; Auto RAM Block Balancing                                         ; On                   ; On                   ;
; Auto RAM to Logic Cell Conversion                                ; Off                  ; Off                  ;
; Auto Resource Sharing                                            ; Off                  ; Off                  ;
; Allow Any RAM Size For Recognition                               ; Off                  ; Off                  ;
; Allow Any ROM Size For Recognition                               ; Off                  ; Off                  ;
; Allow Any Shift Register Size For Recognition                    ; Off                  ; Off                  ;
; Use LogicLock Constraints during Resource Balancing              ; On                   ; On                   ;
; Ignore translate_off and synthesis_off directives                ; Off                  ; Off                  ;
; Timing-Driven Synthesis                                          ; On                   ; On                   ;
; Report Parameter Settings                                        ; On                   ; On                   ;
; Report Source Assignments                                        ; On                   ; On                   ;
; Report Connectivity Checks                                       ; On                   ; On                   ;
; Ignore Maximum Fan-Out Assignments                               ; Off                  ; Off                  ;
; Synchronization Register Chain Length                            ; 2                    ; 2                    ;
; Power Optimization During Synthesis                              ; Normal compilation   ; Normal compilation   ;
; HDL message level                                                ; Level2               ; Level2               ;
; Suppress Register Optimization Related Messages                  ; Off                  ; Off                  ;
; Number of Removed Registers Reported in Synthesis Report         ; 5000                 ; 5000                 ;
; Number of Swept Nodes Reported in Synthesis Report               ; 5000                 ; 5000                 ;
; Number of Inverted Registers Reported in Synthesis Report        ; 100                  ; 100                  ;
; Clock MUX Protection                                             ; On                   ; On                   ;
; Auto Gated Clock Conversion                                      ; Off                  ; Off                  ;
; Block Design Naming                                              ; Auto                 ; Auto                 ;
; SDC constraint protection                                        ; Off                  ; Off                  ;
; Synthesis Effort                                                 ; Auto                 ; Auto                 ;
; Shift Register Replacement - Allow Asynchronous Clear Signal     ; On                   ; On                   ;
; Pre-Mapping Resynthesis Optimization                             ; Off                  ; Off                  ;
; Analysis & Synthesis Message Level                               ; Medium               ; Medium               ;
; Disable Register Merging Across Hierarchies                      ; Auto                 ; Auto                 ;
; Resource Aware Inference For Block RAM                           ; On                   ; On                   ;
+------------------------------------------------------------------+----------------------+----------------------+


+------------------------------------------+
; Parallel Compilation                     ;
+----------------------------+-------------+
; Processors                 ; Number      ;
+----------------------------+-------------+
; Number detected on machine ; 8           ;
; Maximum allowed            ; 4           ;
;                            ;             ;
; Average used               ; 1.00        ;
; Maximum used               ; 4           ;
;                            ;             ;
; Usage by Processor         ; % Time Used ;
;     Processor 1            ; 100.0%      ;
;     Processors 2-4         ;   0.0%      ;
+----------------------------+-------------+


+--------------------------------------------------------------------------------------------------------------------------------------------------------------------------+
; Analysis & Synthesis Source Files Read                                                                                                                                   ;
+----------------------------------+-----------------+-----------------+-----------------------------------------------------------------------------------------+---------+
; File Name with User-Entered Path ; Used in Netlist ; File Type       ; File Name with Absolute Path                                                            ; Library ;
+----------------------------------+-----------------+-----------------+-----------------------------------------------------------------------------------------+---------+
; RegisterN.vhd                    ; yes             ; User VHDL File  ; C:/Users/danie/Documents/LSD/DigitalSystems/FinalProject/Fase1/RegisterN.vhd            ;         ;
; Mux2N.vhd                        ; yes             ; User VHDL File  ; C:/Users/danie/Documents/LSD/DigitalSystems/FinalProject/Fase1/Mux2N.vhd                ;         ;
; Bin7SegDecoder.vhd               ; yes             ; User VHDL File  ; C:/Users/danie/Documents/LSD/DigitalSystems/FinalProject/Fase1/Bin7SegDecoder.vhd       ;         ;
; PCounter.vhd                     ; yes             ; User VHDL File  ; C:/Users/danie/Documents/LSD/DigitalSystems/FinalProject/Fase1/PCounter.vhd             ;         ;
; ClkDividerN.vhd                  ; yes             ; User VHDL File  ; C:/Users/danie/Documents/LSD/DigitalSystems/FinalProject/Fase1/ClkDividerN.vhd          ;         ;
; SyncGen.vhd                      ; yes             ; User VHDL File  ; C:/Users/danie/Documents/LSD/DigitalSystems/FinalProject/Fase1/SyncGen.vhd              ;         ;
; DigitalC_NoAjustment.vhd         ; yes             ; User VHDL File  ; C:/Users/danie/Documents/LSD/DigitalSystems/FinalProject/Fase1/DigitalC_NoAjustment.vhd ;         ;
; DispCntrl.vhd                    ; yes             ; User VHDL File  ; C:/Users/danie/Documents/LSD/DigitalSystems/FinalProject/Fase1/DispCntrl.vhd            ;         ;
+----------------------------------+-----------------+-----------------+-----------------------------------------------------------------------------------------+---------+


+--------------------------------------------------------------+
; Analysis & Synthesis Resource Usage Summary                  ;
+---------------------------------------------+----------------+
; Resource                                    ; Usage          ;
+---------------------------------------------+----------------+
; Estimated Total logic elements              ; 325            ;
;                                             ;                ;
; Total combinational functions               ; 304            ;
; Logic element usage by number of LUT inputs ;                ;
;     -- 4 input functions                    ; 82             ;
;     -- 3 input functions                    ; 6              ;
;     -- <=2 input functions                  ; 216            ;
;                                             ;                ;
; Logic elements by mode                      ;                ;
;     -- normal mode                          ; 118            ;
;     -- arithmetic mode                      ; 186            ;
;                                             ;                ;
; Total registers                             ; 238            ;
;     -- Dedicated logic registers            ; 238            ;
;     -- I/O registers                        ; 0              ;
;                                             ;                ;
; I/O pins                                    ; 30             ;
;                                             ;                ;
; Embedded Multiplier 9-bit elements          ; 0              ;
;                                             ;                ;
; Maximum fan-out node                        ; CLOCK_50~input ;
; Maximum fan-out                             ; 37             ;
; Total fan-out                               ; 1334           ;
; Average fan-out                             ; 2.22           ;
+---------------------------------------------+----------------+


+---------------------------------------------------------------------------------------------------------------------------------------------------------------------------------------------------------------------------------------------------------+
; Analysis & Synthesis Resource Utilization by Entity                                                                                                                                                                                                     ;
+-----------------------------+---------------------+---------------------------+-------------+--------------+---------+-----------+------+--------------+----------------------------------------------------------+----------------------+--------------+
; Compilation Hierarchy Node  ; Combinational ALUTs ; Dedicated Logic Registers ; Memory Bits ; DSP Elements ; DSP 9x9 ; DSP 18x18 ; Pins ; Virtual Pins ; Full Hierarchy Name                                      ; Entity Name          ; Library Name ;
+-----------------------------+---------------------+---------------------------+-------------+--------------+---------+-----------+------+--------------+----------------------------------------------------------+----------------------+--------------+
; |DigitalC_NoAjustment       ; 304 (5)             ; 238 (0)                   ; 0           ; 0            ; 0       ; 0         ; 30   ; 0            ; |DigitalC_NoAjustment                                    ; DigitalC_NoAjustment ; work         ;
;    |Bin7SegDecoder:decoder| ; 7 (7)               ; 0 (0)                     ; 0           ; 0            ; 0       ; 0         ; 0    ; 0            ; |DigitalC_NoAjustment|Bin7SegDecoder:decoder             ; Bin7SegDecoder       ; work         ;
;    |DispCntrl:dispC|        ; 5 (5)               ; 4 (4)                     ; 0           ; 0            ; 0       ; 0         ; 0    ; 0            ; |DigitalC_NoAjustment|DispCntrl:dispC                    ; DispCntrl            ; work         ;
;    |Mux2N:mux|              ; 8 (8)               ; 0 (0)                     ; 0           ; 0            ; 0       ; 0         ; 0    ; 0            ; |DigitalC_NoAjustment|Mux2N:mux                          ; Mux2N                ; work         ;
;    |PCounter:pCounter0|     ; 45 (45)             ; 33 (33)                   ; 0           ; 0            ; 0       ; 0         ; 0    ; 0            ; |DigitalC_NoAjustment|PCounter:pCounter0                 ; PCounter             ; work         ;
;    |PCounter:pCounter1|     ; 45 (45)             ; 33 (33)                   ; 0           ; 0            ; 0       ; 0         ; 0    ; 0            ; |DigitalC_NoAjustment|PCounter:pCounter1                 ; PCounter             ; work         ;
;    |PCounter:pCounter2|     ; 45 (45)             ; 33 (33)                   ; 0           ; 0            ; 0       ; 0         ; 0    ; 0            ; |DigitalC_NoAjustment|PCounter:pCounter2                 ; PCounter             ; work         ;
;    |PCounter:pCounter3|     ; 45 (45)             ; 33 (33)                   ; 0           ; 0            ; 0       ; 0         ; 0    ; 0            ; |DigitalC_NoAjustment|PCounter:pCounter3                 ; PCounter             ; work         ;
;    |PCounter:pCounter4|     ; 45 (45)             ; 33 (33)                   ; 0           ; 0            ; 0       ; 0         ; 0    ; 0            ; |DigitalC_NoAjustment|PCounter:pCounter4                 ; PCounter             ; work         ;
;    |PCounter:pCounter5|     ; 45 (45)             ; 32 (32)                   ; 0           ; 0            ; 0       ; 0         ; 0    ; 0            ; |DigitalC_NoAjustment|PCounter:pCounter5                 ; PCounter             ; work         ;
;    |RegisterN:reg0|         ; 0 (0)               ; 7 (7)                     ; 0           ; 0            ; 0       ; 0         ; 0    ; 0            ; |DigitalC_NoAjustment|RegisterN:reg0                     ; RegisterN            ; work         ;
;    |RegisterN:reg1|         ; 0 (0)               ; 7 (7)                     ; 0           ; 0            ; 0       ; 0         ; 0    ; 0            ; |DigitalC_NoAjustment|RegisterN:reg1                     ; RegisterN            ; work         ;
;    |RegisterN:reg2|         ; 0 (0)               ; 7 (7)                     ; 0           ; 0            ; 0       ; 0         ; 0    ; 0            ; |DigitalC_NoAjustment|RegisterN:reg2                     ; RegisterN            ; work         ;
;    |RegisterN:reg3|         ; 0 (0)               ; 7 (7)                     ; 0           ; 0            ; 0       ; 0         ; 0    ; 0            ; |DigitalC_NoAjustment|RegisterN:reg3                     ; RegisterN            ; work         ;
;    |SyncGen:sync_gen|       ; 9 (0)               ; 9 (0)                     ; 0           ; 0            ; 0       ; 0         ; 0    ; 0            ; |DigitalC_NoAjustment|SyncGen:sync_gen                   ; SyncGen              ; work         ;
;       |ClkDividerN:d_Clk|   ; 4 (4)               ; 4 (4)                     ; 0           ; 0            ; 0       ; 0         ; 0    ; 0            ; |DigitalC_NoAjustment|SyncGen:sync_gen|ClkDividerN:d_Clk ; ClkDividerN          ; work         ;
;       |ClkDividerN:t_Clk|   ; 5 (5)               ; 5 (5)                     ; 0           ; 0            ; 0       ; 0         ; 0    ; 0            ; |DigitalC_NoAjustment|SyncGen:sync_gen|ClkDividerN:t_Clk ; ClkDividerN          ; work         ;
+-----------------------------+---------------------+---------------------------+-------------+--------------+---------+-----------+------+--------------+----------------------------------------------------------+----------------------+--------------+
Note: For table entries with two numbers listed, the numbers in parentheses indicate the number of resources of the given type used by the specific entity alone. The numbers listed outside of parentheses indicate the total resources of the given type used by the specific entity and all of its sub-entities in the hierarchy.


Encoding Type:  One-Hot
+---------------------------------------------------------------------------+
; State Machine - |DigitalC_NoAjustment|DispCntrl:dispC|fstate              ;
+---------------+-------------+-------------+---------------+---------------+
; Name          ; fstate.DezH ; fstate.UniH ; fstate.DezMin ; fstate.UniMin ;
+---------------+-------------+-------------+---------------+---------------+
; fstate.UniMin ; 0           ; 0           ; 0             ; 0             ;
; fstate.DezMin ; 0           ; 0           ; 1             ; 1             ;
; fstate.UniH   ; 0           ; 1           ; 0             ; 1             ;
; fstate.DezH   ; 1           ; 0           ; 0             ; 1             ;
+---------------+-------------+-------------+---------------+---------------+


+------------------------------------------------------+
; General Register Statistics                          ;
+----------------------------------------------+-------+
; Statistic                                    ; Value ;
+----------------------------------------------+-------+
; Total registers                              ; 238   ;
; Number of registers using Synchronous Clear  ; 0     ;
; Number of registers using Synchronous Load   ; 0     ;
; Number of registers using Asynchronous Clear ; 0     ;
; Number of registers using Asynchronous Load  ; 0     ;
; Number of registers using Clock Enable       ; 28    ;
; Number of registers using Preset             ; 0     ;
+----------------------------------------------+-------+


+------------------------------------------------------------------------------------------------------------------------------------------------------------------------+
; Multiplexer Restructuring Statistics (Restructuring Performed)                                                                                                         ;
+--------------------+-----------+---------------+----------------------+------------------------+------------+----------------------------------------------------------+
; Multiplexer Inputs ; Bus Width ; Baseline Area ; Area if Restructured ; Saving if Restructured ; Registered ; Example Multiplexer Output                               ;
+--------------------+-----------+---------------+----------------------+------------------------+------------+----------------------------------------------------------+
; 4:1                ; 4 bits    ; 8 LEs         ; 8 LEs                ; 0 LEs                  ; No         ; |DigitalC_NoAjustment|Mux2N:mux|Mux2                     ;
; 16:1               ; 2 bits    ; 20 LEs        ; 16 LEs               ; 4 LEs                  ; No         ; |DigitalC_NoAjustment|Bin7SegDecoder:decoder|decOut_n[6] ;
+--------------------+-----------+---------------+----------------------+------------------------+------------+----------------------------------------------------------+


+---------------------------------------------------------------------------------+
; Parameter Settings for User Entity Instance: SyncGen:sync_gen|ClkDividerN:p_Clk ;
+----------------+---------+------------------------------------------------------+
; Parameter Name ; Value   ; Type                                                 ;
+----------------+---------+------------------------------------------------------+
; divfactor      ; 5000000 ; Signed Integer                                       ;
+----------------+---------+------------------------------------------------------+
Note: In order to hide this table in the UI and the text report file, please set the "Show Parameter Settings in Synthesis Report" option in "Analysis and Synthesis Settings -> More Settings" to "Off".


+---------------------------------------------------------------------------------+
; Parameter Settings for User Entity Instance: SyncGen:sync_gen|ClkDividerN:t_Clk ;
+----------------+-------+--------------------------------------------------------+
; Parameter Name ; Value ; Type                                                   ;
+----------------+-------+--------------------------------------------------------+
; divfactor      ; 10    ; Signed Integer                                         ;
+----------------+-------+--------------------------------------------------------+
Note: In order to hide this table in the UI and the text report file, please set the "Show Parameter Settings in Synthesis Report" option in "Analysis and Synthesis Settings -> More Settings" to "Off".


+---------------------------------------------------------------------------------+
; Parameter Settings for User Entity Instance: SyncGen:sync_gen|ClkDividerN:d_Clk ;
+----------------+-------+--------------------------------------------------------+
; Parameter Name ; Value ; Type                                                   ;
+----------------+-------+--------------------------------------------------------+
; divfactor      ; 5     ; Signed Integer                                         ;
+----------------+-------+--------------------------------------------------------+
Note: In order to hide this table in the UI and the text report file, please set the "Show Parameter Settings in Synthesis Report" option in "Analysis and Synthesis Settings -> More Settings" to "Off".


+--------------------------------------------------------+
; Parameter Settings for User Entity Instance: Mux2N:mux ;
+----------------+-------+-------------------------------+
; Parameter Name ; Value ; Type                          ;
+----------------+-------+-------------------------------+
; size           ; 4     ; Signed Integer                ;
+----------------+-------+-------------------------------+
Note: In order to hide this table in the UI and the text report file, please set the "Show Parameter Settings in Synthesis Report" option in "Analysis and Synthesis Settings -> More Settings" to "Off".


+-------------------------------------------------------------+
; Parameter Settings for User Entity Instance: RegisterN:reg0 ;
+----------------+-------+------------------------------------+
; Parameter Name ; Value ; Type                               ;
+----------------+-------+------------------------------------+
; n              ; 7     ; Signed Integer                     ;
+----------------+-------+------------------------------------+
Note: In order to hide this table in the UI and the text report file, please set the "Show Parameter Settings in Synthesis Report" option in "Analysis and Synthesis Settings -> More Settings" to "Off".


+-------------------------------------------------------------+
; Parameter Settings for User Entity Instance: RegisterN:reg1 ;
+----------------+-------+------------------------------------+
; Parameter Name ; Value ; Type                               ;
+----------------+-------+------------------------------------+
; n              ; 7     ; Signed Integer                     ;
+----------------+-------+------------------------------------+
Note: In order to hide this table in the UI and the text report file, please set the "Show Parameter Settings in Synthesis Report" option in "Analysis and Synthesis Settings -> More Settings" to "Off".


+-------------------------------------------------------------+
; Parameter Settings for User Entity Instance: RegisterN:reg2 ;
+----------------+-------+------------------------------------+
; Parameter Name ; Value ; Type                               ;
+----------------+-------+------------------------------------+
; n              ; 7     ; Signed Integer                     ;
+----------------+-------+------------------------------------+
Note: In order to hide this table in the UI and the text report file, please set the "Show Parameter Settings in Synthesis Report" option in "Analysis and Synthesis Settings -> More Settings" to "Off".


+-------------------------------------------------------------+
; Parameter Settings for User Entity Instance: RegisterN:reg3 ;
+----------------+-------+------------------------------------+
; Parameter Name ; Value ; Type                               ;
+----------------+-------+------------------------------------+
; n              ; 7     ; Signed Integer                     ;
+----------------+-------+------------------------------------+
Note: In order to hide this table in the UI and the text report file, please set the "Show Parameter Settings in Synthesis Report" option in "Analysis and Synthesis Settings -> More Settings" to "Off".


+----------------------------------------------------------------------------------------------------------------+
; Port Connectivity Checks: "PCounter:pCounter5"                                                                 ;
+------+--------+----------+-------------------------------------------------------------------------------------+
; Port ; Type   ; Severity ; Details                                                                             ;
+------+--------+----------+-------------------------------------------------------------------------------------+
; tc   ; Output ; Info     ; Connected to dangling logic. Logic that only feeds a dangling port will be removed. ;
+------+--------+----------+-------------------------------------------------------------------------------------+


+----------------------------------------------------------------------------------------------------------------+
; Port Connectivity Checks: "PCounter:pCounter1"                                                                 ;
+------+--------+----------+-------------------------------------------------------------------------------------+
; Port ; Type   ; Severity ; Details                                                                             ;
+------+--------+----------+-------------------------------------------------------------------------------------+
; q    ; Output ; Info     ; Connected to dangling logic. Logic that only feeds a dangling port will be removed. ;
+------+--------+----------+-------------------------------------------------------------------------------------+


+----------------------------------------------------------------------------------------------------------------+
; Port Connectivity Checks: "PCounter:pCounter0"                                                                 ;
+------+--------+----------+-------------------------------------------------------------------------------------+
; Port ; Type   ; Severity ; Details                                                                             ;
+------+--------+----------+-------------------------------------------------------------------------------------+
; q    ; Output ; Info     ; Connected to dangling logic. Logic that only feeds a dangling port will be removed. ;
+------+--------+----------+-------------------------------------------------------------------------------------+


+-------------------------------------------------------------------------------------------------------------------+
; Port Connectivity Checks: "SyncGen:sync_gen"                                                                      ;
+---------+--------+----------+-------------------------------------------------------------------------------------+
; Port    ; Type   ; Severity ; Details                                                                             ;
+---------+--------+----------+-------------------------------------------------------------------------------------+
; progclk ; Output ; Info     ; Connected to dangling logic. Logic that only feeds a dangling port will be removed. ;
+---------+--------+----------+-------------------------------------------------------------------------------------+


+-----------------------------------------------------+
; Post-Synthesis Netlist Statistics for Top Partition ;
+-----------------------+-----------------------------+
; Type                  ; Count                       ;
+-----------------------+-----------------------------+
; boundary_port         ; 30                          ;
; cycloneiii_ff         ; 238                         ;
;     ENA               ; 28                          ;
;     plain             ; 210                         ;
; cycloneiii_lcell_comb ; 304                         ;
;     arith             ; 186                         ;
;         2 data inputs ; 186                         ;
;     normal            ; 118                         ;
;         1 data inputs ; 6                           ;
;         2 data inputs ; 24                          ;
;         3 data inputs ; 6                           ;
;         4 data inputs ; 82                          ;
;                       ;                             ;
; Max LUT depth         ; 4.10                        ;
; Average LUT depth     ; 3.27                        ;
+-----------------------+-----------------------------+


+-------------------------------+
; Elapsed Time Per Partition    ;
+----------------+--------------+
; Partition Name ; Elapsed Time ;
+----------------+--------------+
; Top            ; 00:00:00     ;
+----------------+--------------+


+-------------------------------+
; Analysis & Synthesis Messages ;
+-------------------------------+
Info: *******************************************************************
Info: Running Quartus Prime Analysis & Synthesis
    Info: Version 20.1.1 Build 720 11/11/2020 SJ Lite Edition
    Info: Processing started: Sun Jun 13 17:37:57 2021
Info: Command: quartus_map --read_settings_files=on --write_settings_files=off DigitalC_NoAjustment -c DigitalC_NoAjustment
Warning (18236): Number of processors has not been specified which may cause overloading on shared machines.  Set the global assignment NUM_PARALLEL_PROCESSORS in your QSF to an appropriate value for best performance.
Info (20030): Parallel compilation is enabled and will use 4 of the 4 processors detected
Info (12021): Found 2 design units, including 1 entities, in source file registern.vhd
    Info (12022): Found design unit 1: RegisterN-Behavioral File: C:/Users/danie/Documents/LSD/DigitalSystems/FinalProject/Fase1/RegisterN.vhd Line: 13
    Info (12023): Found entity 1: RegisterN File: C:/Users/danie/Documents/LSD/DigitalSystems/FinalProject/Fase1/RegisterN.vhd Line: 4
Info (12021): Found 2 design units, including 1 entities, in source file mux2n.vhd
    Info (12022): Found design unit 1: Mux2N-Behavioral File: C:/Users/danie/Documents/LSD/DigitalSystems/FinalProject/Fase1/Mux2N.vhd Line: 16
    Info (12023): Found entity 1: Mux2N File: C:/Users/danie/Documents/LSD/DigitalSystems/FinalProject/Fase1/Mux2N.vhd Line: 4
Info (12021): Found 2 design units, including 1 entities, in source file bin7segdecoder.vhd
    Info (12022): Found design unit 1: Bin7SegDecoder-Behavioral File: C:/Users/danie/Documents/LSD/DigitalSystems/FinalProject/Fase1/Bin7SegDecoder.vhd Line: 12
    Info (12023): Found entity 1: Bin7SegDecoder File: C:/Users/danie/Documents/LSD/DigitalSystems/FinalProject/Fase1/Bin7SegDecoder.vhd Line: 4
Info (12021): Found 2 design units, including 1 entities, in source file pcounter.vhd
    Info (12022): Found design unit 1: PCounter-Behavioral File: C:/Users/danie/Documents/LSD/DigitalSystems/FinalProject/Fase1/PCounter.vhd Line: 14
    Info (12023): Found entity 1: PCounter File: C:/Users/danie/Documents/LSD/DigitalSystems/FinalProject/Fase1/PCounter.vhd Line: 6
Info (12021): Found 2 design units, including 1 entities, in source file clkdividern.vhd
    Info (12022): Found design unit 1: ClkDividerN-Behavioral File: C:/Users/danie/Documents/LSD/DigitalSystems/FinalProject/Fase1/ClkDividerN.vhd Line: 11
    Info (12023): Found entity 1: ClkDividerN File: C:/Users/danie/Documents/LSD/DigitalSystems/FinalProject/Fase1/ClkDividerN.vhd Line: 5
Info (12021): Found 2 design units, including 1 entities, in source file syncgen.vhd
    Info (12022): Found design unit 1: SyncGen-Structural File: C:/Users/danie/Documents/LSD/DigitalSystems/FinalProject/Fase1/SyncGen.vhd Line: 14
    Info (12023): Found entity 1: SyncGen File: C:/Users/danie/Documents/LSD/DigitalSystems/FinalProject/Fase1/SyncGen.vhd Line: 5
Info (12021): Found 2 design units, including 1 entities, in source file digitalc_noajustment.vhd
    Info (12022): Found design unit 1: DigitalC_NoAjustment-Structural File: C:/Users/danie/Documents/LSD/DigitalSystems/FinalProject/Fase1/DigitalC_NoAjustment.vhd Line: 16
    Info (12023): Found entity 1: DigitalC_NoAjustment File: C:/Users/danie/Documents/LSD/DigitalSystems/FinalProject/Fase1/DigitalC_NoAjustment.vhd Line: 5
Info (12021): Found 2 design units, including 1 entities, in source file dispcntrl.vhd
    Info (12022): Found design unit 1: DispCntrl-BEHAVIOR File: C:/Users/danie/Documents/LSD/DigitalSystems/FinalProject/Fase1/DispCntrl.vhd Line: 14
    Info (12023): Found entity 1: DispCntrl File: C:/Users/danie/Documents/LSD/DigitalSystems/FinalProject/Fase1/DispCntrl.vhd Line: 5
Info (12127): Elaborating entity "DigitalC_NoAjustment" for the top level hierarchy
Warning (10036): Verilog HDL or VHDL warning at DigitalC_NoAjustment.vhd(18): object "s_progClk" assigned a value but never read File: C:/Users/danie/Documents/LSD/DigitalSystems/FinalProject/Fase1/DigitalC_NoAjustment.vhd Line: 18
Warning (10036): Verilog HDL or VHDL warning at DigitalC_NoAjustment.vhd(22): object "s_pcounter0" assigned a value but never read File: C:/Users/danie/Documents/LSD/DigitalSystems/FinalProject/Fase1/DigitalC_NoAjustment.vhd Line: 22
Warning (10036): Verilog HDL or VHDL warning at DigitalC_NoAjustment.vhd(23): object "s_pcounter1" assigned a value but never read File: C:/Users/danie/Documents/LSD/DigitalSystems/FinalProject/Fase1/DigitalC_NoAjustment.vhd Line: 23
Warning (10036): Verilog HDL or VHDL warning at DigitalC_NoAjustment.vhd(34): object "s_tC5" assigned a value but never read File: C:/Users/danie/Documents/LSD/DigitalSystems/FinalProject/Fase1/DigitalC_NoAjustment.vhd Line: 34
Info (12129): Elaborating entity "DispCntrl" using architecture "A:behavior" for hierarchy "DispCntrl:dispC" File: C:/Users/danie/Documents/LSD/DigitalSystems/FinalProject/Fase1/DigitalC_NoAjustment.vhd Line: 45
Info (12129): Elaborating entity "SyncGen" using architecture "A:structural" for hierarchy "SyncGen:sync_gen" File: C:/Users/danie/Documents/LSD/DigitalSystems/FinalProject/Fase1/DigitalC_NoAjustment.vhd Line: 52
Info (12129): Elaborating entity "ClkDividerN" using architecture "A:behavioral" for hierarchy "SyncGen:sync_gen|ClkDividerN:p_Clk" File: C:/Users/danie/Documents/LSD/DigitalSystems/FinalProject/Fase1/SyncGen.vhd Line: 17
Info (12129): Elaborating entity "ClkDividerN" using architecture "A:behavioral" for hierarchy "SyncGen:sync_gen|ClkDividerN:t_Clk" File: C:/Users/danie/Documents/LSD/DigitalSystems/FinalProject/Fase1/SyncGen.vhd Line: 22
Info (12129): Elaborating entity "ClkDividerN" using architecture "A:behavioral" for hierarchy "SyncGen:sync_gen|ClkDividerN:d_Clk" File: C:/Users/danie/Documents/LSD/DigitalSystems/FinalProject/Fase1/SyncGen.vhd Line: 27
Info (12129): Elaborating entity "PCounter" using architecture "A:behavioral" for hierarchy "PCounter:pCounter0" File: C:/Users/danie/Documents/LSD/DigitalSystems/FinalProject/Fase1/DigitalC_NoAjustment.vhd Line: 59
Warning (10492): VHDL Process Statement warning at PCounter.vhd(30): signal "counter" is read inside the Process Statement but isn't in the Process Statement's sensitivity list File: C:/Users/danie/Documents/LSD/DigitalSystems/FinalProject/Fase1/PCounter.vhd Line: 30
Info (12129): Elaborating entity "Mux2N" using architecture "A:behavioral" for hierarchy "Mux2N:mux" File: C:/Users/danie/Documents/LSD/DigitalSystems/FinalProject/Fase1/DigitalC_NoAjustment.vhd Line: 91
Info (12129): Elaborating entity "Bin7SegDecoder" using architecture "A:behavioral" for hierarchy "Bin7SegDecoder:decoder" File: C:/Users/danie/Documents/LSD/DigitalSystems/FinalProject/Fase1/DigitalC_NoAjustment.vhd Line: 101
Info (12129): Elaborating entity "RegisterN" using architecture "A:behavioral" for hierarchy "RegisterN:reg0" File: C:/Users/danie/Documents/LSD/DigitalSystems/FinalProject/Fase1/DigitalC_NoAjustment.vhd Line: 106
Info (286030): Timing-Driven Synthesis is running
Info (16010): Generating hard_block partition "hard_block:auto_generated_inst"
    Info (16011): Adding 0 node(s), including 0 DDIO, 0 PLL, 0 transceiver and 0 LCELL
Info (21057): Implemented 367 device resources after synthesis - the final resource count might be different
    Info (21058): Implemented 2 input pins
    Info (21059): Implemented 28 output pins
    Info (21061): Implemented 337 logic cells
Info: Quartus Prime Analysis & Synthesis was successful. 0 errors, 6 warnings
    Info: Peak virtual memory: 4785 megabytes
    Info: Processing ended: Sun Jun 13 17:38:07 2021
    Info: Elapsed time: 00:00:10
    Info: Total CPU time (on all processors): 00:00:21


